C 0 0 64 64
T 0 0 32 32
T 32 0 16 16
T 48 0 16 16
T 32 16 16 16
T 48 16 16 16
T 0 32 32 32
T 32 32 32 32
C 64 0 16 16
T 0 0 16 16
C 80 0 8 8
T 0 0 8 8
C 88 0 8 8
T 0 0 8 8
C 80 8 8 8
T 0 0 8 8
C 88 8 8 8
T 0 0 4 4
T 4 0 4 4
T 0 4 4 4
T 4 4 4 4
C 64 16 16 16
T 0 0 16 16
C 80 16 8 8
T 0 0 8 8
C 88 16 8 8
T 0 0 8 8
C 80 24 8 8
T 0 0 8 8
C 88 24 8 8
T 0 0 8 8
C 96 0 8 8
T 0 0 8 8
C 104 0 8 8
T 0 0 8 8
C 96 8 8 8
T 0 0 8 8
C 104 8 8 8
T 0 0 8 8
C 112 0 16 16
T 0 0 16 16
C 96 16 16 16
T 0 0 16 16
C 112 16 16 16
T 0 0 16 16
C 64 32 32 32
T 0 0 32 32
C 96 32 16 16
T 0 0 16 16
C 112 32 8 8
T 0 0 8 8
C 120 32 8 8
T 0 0 8 8
C 112 40 8 8
T 0 0 8 8
C 120 40 8 8
T 0 0 8 8
C 96 48 16 16
T 0 0 4 4
T 4 0 4 4
T 0 4 4 4
T 4 4 4 4
T 8 0 8 8
T 0 8 8 8
T 8 8 8 8
C 112 48 16 16
T 0 0 8 8
T 8 0 4 4
T 12 0 4 4
T 8 4 4 4
T 12 4 4 4
T 0 8 4 4
T 4 8 4 4
T 0 12 4 4
T 4 12 4 4
T 8 8 8 8
C 128 0 32 32
T 0 0 32 32
C 160 0 32 32
T 0 0 32 32
C 128 32 16 16
T 0 0 4 4
T 4 0 4 4
T 0 4 4 4
T 4 4 4 4
T 8 0 4 4
T 12 0 4 4
T 8 4 4 4
T 12 4 4 4
T 0 8 8 8
T 8 8 4 4
T 12 8 4 4
T 8 12 4 4
T 12 12 4 4
C 144 32 8 8
T 0 0 8 8
C 152 32 8 8
T 0 0 8 8
C 144 40 8 8
T 0 0 8 8
C 152 40 8 8
T 0 0 8 8
C 128 48 8 8
T 0 0 8 8
C 136 48 8 8
T 0 0 8 8
C 128 56 8 8
T 0 0 8 8
C 136 56 8 8
T 0 0 8 8
C 144 48 8 8
T 0 0 8 8
C 152 48 8 8
T 0 0 4 4
T 4 0 4 4
T 0 4 4 4
T 4 4 4 4
C 144 56 8 8
T 0 0 8 8
C 152 56 8 8
T 0 0 4 4
T 4 0 4 4
T 0 4 4 4
T 4 4 4 4
C 160 32 32 32
T 0 0 32 32
C 192 0 32 32
T 0 0 32 32
C 224 0 32 32
T 0 0 32 32
C 192 32 32 32
T 0 0 32 32
C 224 32 8 8
T 0 0 8 8
C 232 32 8 8
T 0 0 8 8
C 224 40 8 8
T 0 0 8 8
C 232 40 8 8
T 0 0 8 8
C 240 32 16 16
T 0 0 16 16
C 224 48 16 16
T 0 0 16 16
C 240 48 16 16
T 0 0 16 16
C 256 0 32 32
T 0 0 32 32
C 288 0 16 16
T 0 0 16 16
C 304 0 16 16
T 0 0 16 16
C 288 16 16 16
T 0 0 16 16
C 304 16 8 8
T 0 0 4 4
T 4 0 4 4
T 0 4 4 4
T 4 4 4 4
C 312 16 8 8
T 0 0 8 8
C 304 24 8 8
T 0 0 4 4
T 4 0 4 4
T 0 4 4 4
T 4 4 4 4
C 312 24 8 8
T 0 0 8 8
C 256 32 32 32
T 0 0 32 32
C 288 32 32 32
T 0 0 32 32
C 320 0 16 16
T 0 0 16 16
C 336 0 8 8
T 0 0 8 8
C 344 0 8 8
T 0 0 8 8
C 336 8 8 8
T 0 0 8 8
C 344 8 8 8
T 0 0 8 8
C 320 16 16 16
T 0 0 16 16
C 336 16 8 8
T 0 0 8 8
C 344 16 8 8
T 0 0 8 8
C 336 24 8 8
T 0 0 8 8
C 344 24 8 8
T 0 0 8 8
C 320 32 16 16
T 0 0 16 16
C 336 32 8 8
T 0 0 8 8
C 344 32 8 8
T 0 0 4 4
T 4 0 4 4
T 0 4 4 4
T 4 4 4 4
C 336 40 8 8
T 0 0 8 8
C 344 40 8 8
T 0 0 8 8
C 320 48 16 16
T 0 0 4 4
T 4 0 4 4
T 0 4 4 4
T 4 4 4 4
T 8 0 8 8
T 0 8 8 8
T 8 8 8 8
C 336 48 8 8
T 0 0 8 8
C 344 48 8 8
T 0 0 8 8
C 336 56 8 8
T 0 0 8 8
C 344 56 8 8
T 0 0 8 8
C 0 64 64 64
T 0 0 32 32
T 32 0 32 32
T 0 32 32 32
T 32 32 32 32
C 64 64 8 8
T 0 0 8 8
C 72 64 8 8
T 0 0 8 8
C 64 72 8 8
T 0 0 4 4
T 4 0 4 4
T 0 4 4 4
T 4 4 4 4
C 72 72 8 8
T 0 0 8 8
C 80 64 16 16
T 0 0 16 16
C 64 80 8 8
T 0 0 8 8
C 72 80 8 8
T 0 0 4 4
T 4 0 4 4
T 0 4 4 4
T 4 4 4 4
C 64 88 8 8
T 0 0 4 4
T 4 0 4 4
T 0 4 4 4
T 4 4 4 4
C 72 88 8 8
T 0 0 8 8
C 80 80 8 8
T 0 0 8 8
C 88 80 8 8
T 0 0 8 8
C 80 88 8 8
T 0 0 8 8
C 88 88 8 8
T 0 0 8 8
C 96 64 32 32
T 0 0 32 32
C 64 96 8 8
T 0 0 8 8
C 72 96 8 8
T 0 0 8 8
C 64 104 8 8
T 0 0 8 8
C 72 104 8 8
T 0 0 8 8
C 80 96 8 8
T 0 0 8 8
C 88 96 8 8
T 0 0 8 8
C 80 104 8 8
T 0 0 8 8
C 88 104 8 8
T 0 0 8 8
C 64 112 16 16
T 0 0 16 16
C 80 112 16 16
T 0 0 16 16
C 96 96 16 16
T 0 0 16 16
C 112 96 16 16
T 0 0 16 16
C 96 112 8 8
T 0 0 8 8
C 104 112 8 8
T 0 0 8 8
C 96 120 8 8
T 0 0 8 8
C 104 120 8 8
T 0 0 4 4
T 4 0 4 4
T 0 4 4 4
T 4 4 4 4
C 112 112 16 16
T 0 0 16 16
C 128 64 16 16
T 0 0 16 16
C 144 64 16 16
T 0 0 16 16
C 128 80 8 8
T 0 0 8 8
C 136 80 8 8
T 0 0 8 8
C 128 88 8 8
T 0 0 8 8
C 136 88 8 8
T 0 0 4 4
T 4 0 4 4
T 0 4 4 4
T 4 4 4 4
C 144 80 16 16
T 0 0 16 16
C 160 64 8 8
T 0 0 8 8
C 168 64 8 8
T 0 0 4 4
T 4 0 4 4
T 0 4 4 4
T 4 4 4 4
C 160 72 8 8
T 0 0 8 8
C 168 72 8 8
T 0 0 8 8
C 176 64 8 8
T 0 0 8 8
C 184 64 8 8
T 0 0 8 8
C 176 72 8 8
T 0 0 8 8
C 184 72 8 8
T 0 0 8 8
C 160 80 8 8
T 0 0 8 8
C 168 80 8 8
T 0 0 8 8
C 160 88 8 8
T 0 0 8 8
C 168 88 8 8
T 0 0 8 8
C 176 80 8 8
T 0 0 8 8
C 184 80 8 8
T 0 0 8 8
C 176 88 8 8
T 0 0 4 4
T 4 0 4 4
T 0 4 4 4
T 4 4 4 4
C 184 88 8 8
T 0 0 8 8
C 128 96 16 16
T 0 0 16 16
C 144 96 16 16
T 0 0 16 16
C 128 112 8 8
T 0 0 8 8
C 136 112 8 8
T 0 0 8 8
C 128 120 8 8
T 0 0 8 8
C 136 120 8 8
T 0 0 8 8
C 144 112 8 8
T 0 0 8 8
C 152 112 8 8
T 0 0 8 8
C 144 120 8 8
T 0 0 8 8
C 152 120 8 8
T 0 0 8 8
C 160 96 8 8
T 0 0 8 8
C 168 96 8 8
T 0 0 4 4
T 4 0 4 4
T 0 4 4 4
T 4 4 4 4
C 160 104 8 8
T 0 0 4 4
T 4 0 4 4
T 0 4 4 4
T 4 4 4 4
C 168 104 8 8
T 0 0 4 4
T 4 0 4 4
T 0 4 4 4
T 4 4 4 4
C 176 96 8 8
T 0 0 4 4
T 4 0 4 4
T 0 4 4 4
T 4 4 4 4
C 184 96 8 8
T 0 0 8 8
C 176 104 8 8
T 0 0 8 8
C 184 104 8 8
T 0 0 8 8
C 160 112 16 16
T 0 0 16 16
C 176 112 8 8
T 0 0 4 4
T 4 0 4 4
T 0 4 4 4
T 4 4 4 4
C 184 112 8 8
T 0 0 8 8
C 176 120 8 8
T 0 0 8 8
C 184 120 8 8
T 0 0 8 8
C 192 64 16 16
T 0 0 16 16
C 208 64 8 8
T 0 0 8 8
C 216 64 8 8
T 0 0 8 8
C 208 72 8 8
T 0 0 8 8
C 216 72 8 8
T 0 0 8 8
C 192 80 16 16
T 0 0 8 8
T 8 0 8 8
T 0 8 4 4
T 4 8 4 4
T 0 12 4 4
T 4 12 4 4
T 8 8 8 8
C 208 80 16 16
T 0 0 16 16
C 224 64 16 16
T 0 0 16 16
C 240 64 8 8
T 0 0 8 8
C 248 64 8 8
T 0 0 4 4
T 4 0 4 4
T 0 4 4 4
T 4 4 4 4
C 240 72 8 8
T 0 0 8 8
C 248 72 8 8
T 0 0 8 8
C 224 80 16 16
T 0 0 8 8
T 8 0 4 4
T 12 0 4 4
T 8 4 4 4
T 12 4 4 4
T 0 8 4 4
T 4 8 4 4
T 0 12 4 4
T 4 12 4 4
T 8 8 4 4
T 12 8 4 4
T 8 12 4 4
T 12 12 4 4
C 240 80 16 16
T 0 0 16 16
C 192 96 16 16
T 0 0 16 16
C 208 96 8 8
T 0 0 4 4
T 4 0 4 4
T 0 4 4 4
T 4 4 4 4
C 216 96 8 8
T 0 0 8 8
C 208 104 8 8
T 0 0 4 4
T 4 0 4 4
T 0 4 4 4
T 4 4 4 4
C 216 104 8 8
T 0 0 8 8
C 192 112 16 16
T 0 0 8 8
T 8 0 8 8
T 0 8 8 8
T 8 8 8 8
C 208 112 16 16
T 0 0 16 16
C 224 96 16 16
T 0 0 16 16
C 240 96 16 16
T 0 0 16 16
C 224 112 16 16
T 0 0 16 16
C 240 112 16 16
T 0 0 16 16
C 256 64 32 32
T 0 0 32 32
C 288 64 8 8
T 0 0 8 8
C 296 64 8 8
T 0 0 4 4
T 4 0 4 4
T 0 4 4 4
T 4 4 4 4
C 288 72 8 8
T 0 0 8 8
C 296 72 8 8
T 0 0 8 8
C 304 64 16 16
T 0 0 16 16
C 288 80 16 16
T 0 0 16 16
C 304 80 8 8
T 0 0 8 8
C 312 80 8 8
T 0 0 8 8
C 304 88 8 8
T 0 0 8 8
C 312 88 8 8
T 0 0 8 8
C 256 96 32 32
T 0 0 32 32
C 288 96 32 32
T 0 0 16 16
T 16 0 16 16
T 0 16 16 16
T 16 16 16 16
C 320 64 16 16
T 0 0 16 16
C 336 64 8 8
T 0 0 8 8
C 344 64 8 8
T 0 0 8 8
C 336 72 8 8
T 0 0 8 8
C 344 72 8 8
T 0 0 8 8
C 320 80 8 8
T 0 0 4 4
T 4 0 4 4
T 0 4 4 4
T 4 4 4 4
C 328 80 8 8
T 0 0 8 8
C 320 88 8 8
T 0 0 4 4
T 4 0 4 4
T 0 4 4 4
T 4 4 4 4
C 328 88 8 8
T 0 0 8 8
C 336 80 8 8
T 0 0 8 8
C 344 80 8 8
T 0 0 8 8
C 336 88 8 8
T 0 0 8 8
C 344 88 8 8
T 0 0 8 8
C 320 96 8 8
T 0 0 4 4
T 4 0 4 4
T 0 4 4 4
T 4 4 4 4
C 328 96 8 8
T 0 0 4 4
T 4 0 4 4
T 0 4 4 4
T 4 4 4 4
C 320 104 8 8
T 0 0 8 8
C 328 104 8 8
T 0 0 4 4
T 4 0 4 4
T 0 4 4 4
T 4 4 4 4
C 336 96 8 8
T 0 0 8 8
C 344 96 8 8
T 0 0 8 8
C 336 104 8 8
T 0 0 8 8
C 344 104 8 8
T 0 0 8 8
C 320 112 8 8
T 0 0 4 4
T 4 0 4 4
T 0 4 4 4
T 4 4 4 4
C 328 112 8 8
T 0 0 4 4
T 4 0 4 4
T 0 4 4 4
T 4 4 4 4
C 320 120 8 8
T 0 0 8 8
C 328 120 8 8
T 0 0 8 8
C 336 112 8 8
T 0 0 8 8
C 344 112 8 8
T 0 0 8 8
C 336 120 8 8
T 0 0 4 4
T 4 0 4 4
T 0 4 4 4
T 4 4 4 4
C 344 120 8 8
T 0 0 8 8
C 0 128 64 64
T 0 0 32 32
T 32 0 32 32
T 0 32 32 32
T 32 32 32 32
C 64 128 32 32
T 0 0 32 32
C 96 128 16 16
T 0 0 16 16
C 112 128 8 8
T 0 0 4 4
T 4 0 4 4
T 0 4 4 4
T 4 4 4 4
C 120 128 8 8
T 0 0 8 8
C 112 136 8 8
T 0 0 8 8
C 120 136 8 8
T 0 0 4 4
T 4 0 4 4
T 0 4 4 4
T 4 4 4 4
C 96 144 8 8
T 0 0 8 8
C 104 144 8 8
T 0 0 8 8
C 96 152 8 8
T 0 0 4 4
T 4 0 4 4
T 0 4 4 4
T 4 4 4 4
C 104 152 8 8
T 0 0 8 8
C 112 144 16 16
T 0 0 4 4
T 4 0 4 4
T 0 4 4 4
T 4 4 4 4
T 8 0 8 8
T 0 8 4 4
T 4 8 4 4
T 0 12 4 4
T 4 12 4 4
T 8 8 8 8
C 64 160 32 32
T 0 0 32 32
C 96 160 16 16
T 0 0 16 16
C 112 160 16 16
T 0 0 16 16
C 96 176 8 8
T 0 0 4 4
T 4 0 4 4
T 0 4 4 4
T 4 4 4 4
C 104 176 8 8
T 0 0 8 8
C 96 184 8 8
T 0 0 4 4
T 4 0 4 4
T 0 4 4 4
T 4 4 4 4
C 104 184 8 8
T 0 0 8 8
C 112 176 16 16
T 0 0 16 16
C 128 128 8 8
T 0 0 8 8
C 136 128 8 8
T 0 0 8 8
C 128 136 8 8
T 0 0 8 8
C 136 136 8 8
T 0 0 4 4
T 4 0 4 4
T 0 4 4 4
T 4 4 4 4
C 144 128 8 8
T 0 0 8 8
C 152 128 8 8
T 0 0 8 8
C 144 136 8 8
T 0 0 8 8
C 152 136 8 8
T 0 0 4 4
T 4 0 4 4
T 0 4 4 4
T 4 4 4 4
C 128 144 8 8
T 0 0 4 4
T 4 0 4 4
T 0 4 4 4
T 4 4 4 4
C 136 144 8 8
T 0 0 8 8
C 128 152 8 8
T 0 0 8 8
C 136 152 8 8
T 0 0 8 8
C 144 144 8 8
T 0 0 8 8
C 152 144 8 8
T 0 0 4 4
T 4 0 4 4
T 0 4 4 4
T 4 4 4 4
C 144 152 8 8
T 0 0 4 4
T 4 0 4 4
T 0 4 4 4
T 4 4 4 4
C 152 152 8 8
T 0 0 8 8
C 160 128 16 16
T 0 0 16 16
C 176 128 16 16
T 0 0 4 4
T 4 0 4 4
T 0 4 4 4
T 4 4 4 4
T 8 0 8 8
T 0 8 8 8
T 8 8 8 8
C 160 144 8 8
T 0 0 4 4
T 4 0 4 4
T 0 4 4 4
T 4 4 4 4
C 168 144 8 8
T 0 0 8 8
C 160 152 8 8
T 0 0 8 8
C 168 152 8 8
T 0 0 8 8
C 176 144 8 8
T 0 0 4 4
T 4 0 4 4
T 0 4 4 4
T 4 4 4 4
C 184 144 8 8
T 0 0 8 8
C 176 152 8 8
T 0 0 8 8
C 184 152 8 8
T 0 0 8 8
C 128 160 16 16
T 0 0 16 16
C 144 160 8 8
T 0 0 8 8
C 152 160 8 8
T 0 0 4 4
T 4 0 4 4
T 0 4 4 4
T 4 4 4 4
C 144 168 8 8
T 0 0 4 4
T 4 0 4 4
T 0 4 4 4
T 4 4 4 4
C 152 168 8 8
T 0 0 4 4
T 4 0 4 4
T 0 4 4 4
T 4 4 4 4
C 128 176 16 16
T 0 0 16 16
C 144 176 8 8
T 0 0 4 4
T 4 0 4 4
T 0 4 4 4
T 4 4 4 4
C 152 176 8 8
T 0 0 8 8
C 144 184 8 8
T 0 0 8 8
C 152 184 8 8
T 0 0 4 4
T 4 0 4 4
T 0 4 4 4
T 4 4 4 4
C 160 160 8 8
T 0 0 8 8
C 168 160 8 8
T 0 0 8 8
C 160 168 8 8
T 0 0 4 4
T 4 0 4 4
T 0 4 4 4
T 4 4 4 4
C 168 168 8 8
T 0 0 4 4
T 4 0 4 4
T 0 4 4 4
T 4 4 4 4
C 176 160 16 16
T 0 0 16 16
C 160 176 8 8
T 0 0 8 8
C 168 176 8 8
T 0 0 4 4
T 4 0 4 4
T 0 4 4 4
T 4 4 4 4
C 160 184 8 8
T 0 0 4 4
T 4 0 4 4
T 0 4 4 4
T 4 4 4 4
C 168 184 8 8
T 0 0 4 4
T 4 0 4 4
T 0 4 4 4
T 4 4 4 4
C 176 176 16 16
T 0 0 16 16
C 192 128 8 8
T 0 0 8 8
C 200 128 8 8
T 0 0 4 4
T 4 0 4 4
T 0 4 4 4
T 4 4 4 4
C 192 136 8 8
T 0 0 8 8
C 200 136 8 8
T 0 0 4 4
T 4 0 4 4
T 0 4 4 4
T 4 4 4 4
C 208 128 16 16
T 0 0 16 16
C 192 144 8 8
T 0 0 4 4
T 4 0 4 4
T 0 4 4 4
T 4 4 4 4
C 200 144 8 8
T 0 0 8 8
C 192 152 8 8
T 0 0 4 4
T 4 0 4 4
T 0 4 4 4
T 4 4 4 4
C 200 152 8 8
T 0 0 8 8
C 208 144 16 16
T 0 0 16 16
C 224 128 8 8
T 0 0 8 8
C 232 128 8 8
T 0 0 4 4
T 4 0 4 4
T 0 4 4 4
T 4 4 4 4
C 224 136 8 8
T 0 0 8 8
C 232 136 8 8
T 0 0 8 8
C 240 128 16 16
T 0 0 16 16
C 224 144 16 16
T 0 0 4 4
T 4 0 4 4
T 0 4 4 4
T 4 4 4 4
T 8 0 4 4
T 12 0 4 4
T 8 4 4 4
T 12 4 4 4
T 0 8 8 8
T 8 8 4 4
T 12 8 4 4
T 8 12 4 4
T 12 12 4 4
C 240 144 16 16
T 0 0 16 16
C 192 160 16 16
T 0 0 16 16
C 208 160 16 16
T 0 0 16 16
C 192 176 16 16
T 0 0 16 16
C 208 176 16 16
T 0 0 16 16
C 224 160 32 32
T 0 0 32 32
C 256 128 8 8
T 0 0 4 4
T 4 0 4 4
T 0 4 4 4
T 4 4 4 4
C 264 128 8 8
T 0 0 4 4
T 4 0 4 4
T 0 4 4 4
T 4 4 4 4
C 256 136 8 8
T 0 0 4 4
T 4 0 4 4
T 0 4 4 4
T 4 4 4 4
C 264 136 8 8
T 0 0 4 4
T 4 0 4 4
T 0 4 4 4
T 4 4 4 4
C 272 128 16 16
T 0 0 16 16
C 256 144 8 8
T 0 0 4 4
T 4 0 4 4
T 0 4 4 4
T 4 4 4 4
C 264 144 8 8
T 0 0 8 8
C 256 152 8 8
T 0 0 8 8
C 264 152 8 8
T 0 0 8 8
C 272 144 8 8
T 0 0 4 4
T 4 0 4 4
T 0 4 4 4
T 4 4 4 4
C 280 144 8 8
T 0 0 4 4
T 4 0 4 4
T 0 4 4 4
T 4 4 4 4
C 272 152 8 8
T 0 0 4 4
T 4 0 4 4
T 0 4 4 4
T 4 4 4 4
C 280 152 8 8
T 0 0 8 8
C 288 128 8 8
T 0 0 8 8
C 296 128 8 8
T 0 0 4 4
T 4 0 4 4
T 0 4 4 4
T 4 4 4 4
C 288 136 8 8
T 0 0 8 8
C 296 136 8 8
T 0 0 4 4
T 4 0 4 4
T 0 4 4 4
T 4 4 4 4
C 304 128 16 16
T 0 0 16 16
C 288 144 8 8
T 0 0 4 4
T 4 0 4 4
T 0 4 4 4
T 4 4 4 4
C 296 144 8 8
T 0 0 4 4
T 4 0 4 4
T 0 4 4 4
T 4 4 4 4
C 288 152 8 8
T 0 0 8 8
C 296 152 8 8
T 0 0 8 8
C 304 144 16 16
T 0 0 4 4
T 4 0 4 4
T 0 4 4 4
T 4 4 4 4
T 8 0 8 8
T 0 8 8 8
T 8 8 8 8
C 256 160 16 16
T 0 0 16 16
C 272 160 16 16
T 0 0 16 16
C 256 176 8 8
T 0 0 8 8
C 264 176 8 8
T 0 0 8 8
C 256 184 8 8
T 0 0 8 8
C 264 184 8 8
T 0 0 8 8
C 272 176 16 16
T 0 0 16 16
C 288 160 32 32
T 0 0 32 32
C 320 128 16 16
T 0 0 16 16
C 336 128 8 8
T 0 0 4 4
T 4 0 4 4
T 0 4 4 4
T 4 4 4 4
C 344 128 8 8
T 0 0 8 8
C 336 136 8 8
T 0 0 8 8
C 344 136 8 8
T 0 0 8 8
C 320 144 16 16
T 0 0 16 16
C 336 144 8 8
T 0 0 8 8
C 344 144 8 8
T 0 0 8 8
C 336 152 8 8
T 0 0 8 8
C 344 152 8 8
T 0 0 8 8
C 320 160 16 16
T 0 0 16 16
C 336 160 8 8
T 0 0 4 4
T 4 0 4 4
T 0 4 4 4
T 4 4 4 4
C 344 160 8 8
T 0 0 8 8
C 336 168 8 8
T 0 0 4 4
T 4 0 4 4
T 0 4 4 4
T 4 4 4 4
C 344 168 8 8
T 0 0 8 8
C 320 176 8 8
T 0 0 8 8
C 328 176 8 8
T 0 0 8 8
C 320 184 8 8
T 0 0 8 8
C 328 184 8 8
T 0 0 8 8
C 336 176 8 8
T 0 0 8 8
C 344 176 8 8
T 0 0 8 8
C 336 184 8 8
T 0 0 8 8
C 344 184 8 8
T 0 0 8 8
C 0 192 64 64
T 0 0 32 32
T 32 0 32 32
T 0 32 32 32
T 32 32 32 32
C 64 192 32 32
T 0 0 32 32
C 96 192 16 16
T 0 0 16 16
C 112 192 16 16
T 0 0 16 16
C 96 208 16 16
T 0 0 4 4
T 4 0 4 4
T 0 4 4 4
T 4 4 4 4
T 8 0 4 4
T 12 0 4 4
T 8 4 4 4
T 12 4 4 4
T 0 8 8 8
T 8 8 8 8
C 112 208 16 16
T 0 0 16 16
C 64 224 32 32
T 0 0 32 32
C 96 224 32 32
T 0 0 32 32
C 128 192 16 16
T 0 0 16 16
C 144 192 8 8
T 0 0 8 8
C 152 192 8 8
T 0 0 8 8
C 144 200 8 8
T 0 0 8 8
C 152 200 8 8
T 0 0 4 4
T 4 0 4 4
T 0 4 4 4
T 4 4 4 4
C 128 208 8 8
T 0 0 8 8
C 136 208 8 8
T 0 0 4 4
T 4 0 4 4
T 0 4 4 4
T 4 4 4 4
C 128 216 8 8
T 0 0 4 4
T 4 0 4 4
T 0 4 4 4
T 4 4 4 4
C 136 216 8 8
T 0 0 8 8
C 144 208 8 8
T 0 0 4 4
T 4 0 4 4
T 0 4 4 4
T 4 4 4 4
C 152 208 8 8
T 0 0 8 8
C 144 216 8 8
T 0 0 4 4
T 4 0 4 4
T 0 4 4 4
T 4 4 4 4
C 152 216 8 8
T 0 0 8 8
C 160 192 16 16
T 0 0 8 8
T 8 0 4 4
T 12 0 4 4
T 8 4 4 4
T 12 4 4 4
T 0 8 4 4
T 4 8 4 4
T 0 12 4 4
T 4 12 4 4
T 8 8 4 4
T 12 8 4 4
T 8 12 4 4
T 12 12 4 4
C 176 192 16 16
T 0 0 16 16
C 160 208 8 8
T 0 0 8 8
C 168 208 8 8
T 0 0 8 8
C 160 216 8 8
T 0 0 8 8
C 168 216 8 8
T 0 0 4 4
T 4 0 4 4
T 0 4 4 4
T 4 4 4 4
C 176 208 8 8
T 0 0 4 4
T 4 0 4 4
T 0 4 4 4
T 4 4 4 4
C 184 208 8 8
T 0 0 8 8
C 176 216 8 8
T 0 0 4 4
T 4 0 4 4
T 0 4 4 4
T 4 4 4 4
C 184 216 8 8
T 0 0 4 4
T 4 0 4 4
T 0 4 4 4
T 4 4 4 4
C 128 224 16 16
T 0 0 16 16
C 144 224 8 8
T 0 0 4 4
T 4 0 4 4
T 0 4 4 4
T 4 4 4 4
C 152 224 8 8
T 0 0 4 4
T 4 0 4 4
T 0 4 4 4
T 4 4 4 4
C 144 232 8 8
T 0 0 8 8
C 152 232 8 8
T 0 0 4 4
T 4 0 4 4
T 0 4 4 4
T 4 4 4 4
C 128 240 16 16
T 0 0 16 16
C 144 240 16 16
T 0 0 16 16
C 160 224 16 16
T 0 0 16 16
C 176 224 8 8
T 0 0 8 8
C 184 224 8 8
T 0 0 8 8
C 176 232 8 8
T 0 0 4 4
T 4 0 4 4
T 0 4 4 4
T 4 4 4 4
C 184 232 8 8
T 0 0 8 8
C 160 240 8 8
T 0 0 4 4
T 4 0 4 4
T 0 4 4 4
T 4 4 4 4
C 168 240 8 8
T 0 0 4 4
T 4 0 4 4
T 0 4 4 4
T 4 4 4 4
C 160 248 8 8
T 0 0 8 8
C 168 248 8 8
T 0 0 4 4
T 4 0 4 4
T 0 4 4 4
T 4 4 4 4
C 176 240 16 16
T 0 0 8 8
T 8 0 4 4
T 12 0 4 4
T 8 4 4 4
T 12 4 4 4
T 0 8 8 8
T 8 8 4 4
T 12 8 4 4
T 8 12 4 4
T 12 12 4 4
C 192 192 8 8
T 0 0 4 4
T 4 0 4 4
T 0 4 4 4
T 4 4 4 4
C 200 192 8 8
T 0 0 8 8
C 192 200 8 8
T 0 0 8 8
C 200 200 8 8
T 0 0 8 8
C 208 192 16 16
T 0 0 16 16
C 192 208 16 16
T 0 0 16 16
C 208 208 16 16
T 0 0 16 16
C 224 192 16 16
T 0 0 16 16
C 240 192 16 16
T 0 0 16 16
C 224 208 16 16
T 0 0 16 16
C 240 208 16 16
T 0 0 16 16
C 192 224 16 16
T 0 0 16 16
C 208 224 16 16
T 0 0 16 16
C 192 240 16 16
T 0 0 8 8
T 8 0 8 8
T 0 8 4 4
T 4 8 4 4
T 0 12 4 4
T 4 12 4 4
T 8 8 8 8
C 208 240 16 16
T 0 0 16 16
C 224 224 32 32
T 0 0 32 32
C 256 192 64 64
T 0 0 32 32
T 32 0 16 16
T 48 0 16 16
T 32 16 16 16
T 48 16 16 16
T 0 32 32 32
T 32 32 32 32
C 320 192 8 8
T 0 0 8 8
C 328 192 8 8
T 0 0 8 8
C 320 200 8 8
T 0 0 4 4
T 4 0 4 4
T 0 4 4 4
T 4 4 4 4
C 328 200 8 8
T 0 0 8 8
C 336 192 8 8
T 0 0 4 4
T 4 0 4 4
T 0 4 4 4
T 4 4 4 4
C 344 192 8 8
T 0 0 8 8
C 336 200 8 8
T 0 0 4 4
T 4 0 4 4
T 0 4 4 4
T 4 4 4 4
C 344 200 8 8
T 0 0 8 8
C 320 208 16 16
T 0 0 16 16
C 336 208 8 8
T 0 0 8 8
C 344 208 8 8
T 0 0 8 8
C 336 216 8 8
T 0 0 4 4
T 4 0 4 4
T 0 4 4 4
T 4 4 4 4
C 344 216 8 8
T 0 0 8 8
C 320 224 16 16
T 0 0 16 16
C 336 224 8 8
T 0 0 8 8
C 344 224 8 8
T 0 0 8 8
C 336 232 8 8
T 0 0 4 4
T 4 0 4 4
T 0 4 4 4
T 4 4 4 4
C 344 232 8 8
T 0 0 8 8
C 320 240 8 8
T 0 0 8 8
C 328 240 8 8
T 0 0 4 4
T 4 0 4 4
T 0 4 4 4
T 4 4 4 4
C 320 248 8 8
T 0 0 8 8
C 328 248 8 8
T 0 0 8 8
C 336 240 8 8
T 0 0 8 8
C 344 240 8 8
T 0 0 8 8
C 336 248 8 8
T 0 0 8 8
C 344 248 8 8
T 0 0 8 8
C 0 256 32 32
T 0 0 32 32
C 32 256 16 16
T 0 0 16 16
C 48 256 16 16
T 0 0 16 16
C 32 272 8 8
T 0 0 4 4
T 4 0 4 4
T 0 4 4 4
T 4 4 4 4
C 40 272 8 8
T 0 0 8 8
C 32 280 8 8
T 0 0 4 4
T 4 0 4 4
T 0 4 4 4
T 4 4 4 4
C 40 280 8 8
T 0 0 4 4
T 4 0 4 4
T 0 4 4 4
T 4 4 4 4
C 48 272 8 8
T 0 0 4 4
T 4 0 4 4
T 0 4 4 4
T 4 4 4 4
C 56 272 8 8
T 0 0 4 4
T 4 0 4 4
T 0 4 4 4
T 4 4 4 4
C 48 280 8 8
T 0 0 4 4
T 4 0 4 4
T 0 4 4 4
T 4 4 4 4
C 56 280 8 8
T 0 0 4 4
T 4 0 4 4
T 0 4 4 4
T 4 4 4 4
C 64 256 16 16
T 0 0 8 8
T 8 0 8 8
T 0 8 8 8
T 8 8 8 8
C 80 256 8 8
T 0 0 8 8
C 88 256 8 8
T 0 0 8 8
C 80 264 8 8
T 0 0 8 8
C 88 264 8 8
T 0 0 4 4
T 4 0 4 4
T 0 4 4 4
T 4 4 4 4
C 64 272 16 16
T 0 0 16 16
C 80 272 8 8
T 0 0 8 8
C 88 272 8 8
T 0 0 8 8
C 80 280 8 8
T 0 0 8 8
C 88 280 8 8
T 0 0 8 8
C 96 256 8 8
T 0 0 8 8
C 104 256 8 8
T 0 0 8 8
C 96 264 8 8
T 0 0 8 8
C 104 264 8 8
T 0 0 8 8
C 112 256 16 16
T 0 0 16 16
C 96 272 8 8
T 0 0 8 8
C 104 272 8 8
T 0 0 8 8
C 96 280 8 8
T 0 0 8 8
C 104 280 8 8
T 0 0 8 8
C 112 272 8 8
T 0 0 4 4
T 4 0 4 4
T 0 4 4 4
T 4 4 4 4
C 120 272 8 8
T 0 0 4 4
T 4 0 4 4
T 0 4 4 4
T 4 4 4 4
C 112 280 8 8
T 0 0 4 4
T 4 0 4 4
T 0 4 4 4
T 4 4 4 4
C 120 280 8 8
T 0 0 8 8
C 128 256 32 32
T 0 0 32 32
C 160 256 8 8
T 0 0 8 8
C 168 256 8 8
T 0 0 4 4
T 4 0 4 4
T 0 4 4 4
T 4 4 4 4
C 160 264 8 8
T 0 0 8 8
C 168 264 8 8
T 0 0 4 4
T 4 0 4 4
T 0 4 4 4
T 4 4 4 4
C 176 256 8 8
T 0 0 8 8
C 184 256 8 8
T 0 0 8 8
C 176 264 8 8
T 0 0 4 4
T 4 0 4 4
T 0 4 4 4
T 4 4 4 4
C 184 264 8 8
T 0 0 8 8
C 160 272 8 8
T 0 0 8 8
C 168 272 8 8
T 0 0 8 8
C 160 280 8 8
T 0 0 4 4
T 4 0 4 4
T 0 4 4 4
T 4 4 4 4
C 168 280 8 8
T 0 0 4 4
T 4 0 4 4
T 0 4 4 4
T 4 4 4 4
C 176 272 8 8
T 0 0 8 8
C 184 272 8 8
T 0 0 8 8
C 176 280 8 8
T 0 0 4 4
T 4 0 4 4
T 0 4 4 4
T 4 4 4 4
C 184 280 8 8
T 0 0 4 4
T 4 0 4 4
T 0 4 4 4
T 4 4 4 4
C 192 256 16 16
T 0 0 16 16
C 208 256 8 8
T 0 0 4 4
T 4 0 4 4
T 0 4 4 4
T 4 4 4 4
C 216 256 8 8
T 0 0 8 8
C 208 264 8 8
T 0 0 8 8
C 216 264 8 8
T 0 0 4 4
T 4 0 4 4
T 0 4 4 4
T 4 4 4 4
C 192 272 8 8
T 0 0 8 8
C 200 272 8 8
T 0 0 8 8
C 192 280 8 8
T 0 0 4 4
T 4 0 4 4
T 0 4 4 4
T 4 4 4 4
C 200 280 8 8
T 0 0 8 8
C 208 272 8 8
T 0 0 8 8
C 216 272 8 8
T 0 0 8 8
C 208 280 8 8
T 0 0 8 8
C 216 280 8 8
T 0 0 4 4
T 4 0 4 4
T 0 4 4 4
T 4 4 4 4
C 224 256 8 8
T 0 0 8 8
C 232 256 8 8
T 0 0 8 8
C 224 264 8 8
T 0 0 8 8
C 232 264 8 8
T 0 0 8 8
C 240 256 8 8
T 0 0 4 4
T 4 0 4 4
T 0 4 4 4
T 4 4 4 4
C 248 256 8 8
T 0 0 8 8
C 240 264 8 8
T 0 0 8 8
C 248 264 8 8
T 0 0 4 4
T 4 0 4 4
T 0 4 4 4
T 4 4 4 4
C 224 272 8 8
T 0 0 8 8
C 232 272 8 8
T 0 0 8 8
C 224 280 8 8
T 0 0 4 4
T 4 0 4 4
T 0 4 4 4
T 4 4 4 4
C 232 280 8 8
T 0 0 4 4
T 4 0 4 4
T 0 4 4 4
T 4 4 4 4
C 240 272 8 8
T 0 0 4 4
T 4 0 4 4
T 0 4 4 4
T 4 4 4 4
C 248 272 8 8
T 0 0 8 8
C 240 280 8 8
T 0 0 4 4
T 4 0 4 4
T 0 4 4 4
T 4 4 4 4
C 248 280 8 8
T 0 0 4 4
T 4 0 4 4
T 0 4 4 4
T 4 4 4 4
C 256 256 16 16
T 0 0 16 16
C 272 256 16 16
T 0 0 16 16
C 256 272 8 8
T 0 0 8 8
C 264 272 8 8
T 0 0 8 8
C 256 280 8 8
T 0 0 4 4
T 4 0 4 4
T 0 4 4 4
T 4 4 4 4
C 264 280 8 8
T 0 0 8 8
C 272 272 8 8
T 0 0 8 8
C 280 272 8 8
T 0 0 8 8
C 272 280 8 8
T 0 0 8 8
C 280 280 8 8
T 0 0 4 4
T 4 0 4 4
T 0 4 4 4
T 4 4 4 4
C 288 256 16 16
T 0 0 16 16
C 304 256 8 8
T 0 0 8 8
C 312 256 8 8
T 0 0 8 8
C 304 264 8 8
T 0 0 8 8
C 312 264 8 8
T 0 0 8 8
C 288 272 16 16
T 0 0 16 16
C 304 272 16 16
T 0 0 8 8
T 8 0 4 4
T 12 0 4 4
T 8 4 4 4
T 12 4 4 4
T 0 8 4 4
T 4 8 4 4
T 0 12 4 4
T 4 12 4 4
T 8 8 4 4
T 12 8 4 4
T 8 12 4 4
T 12 12 4 4
C 320 256 16 16
T 0 0 16 16
C 336 256 8 8
T 0 0 4 4
T 4 0 4 4
T 0 4 4 4
T 4 4 4 4
C 344 256 8 8
T 0 0 8 8
C 336 264 8 8
T 0 0 8 8
C 344 264 8 8
T 0 0 8 8
C 320 272 8 8
T 0 0 4 4
T 4 0 4 4
T 0 4 4 4
T 4 4 4 4
C 328 272 8 8
T 0 0 4 4
T 4 0 4 4
T 0 4 4 4
T 4 4 4 4
C 320 280 8 8
T 0 0 4 4
T 4 0 4 4
T 0 4 4 4
T 4 4 4 4
C 328 280 8 8
T 0 0 4 4
T 4 0 4 4
T 0 4 4 4
T 4 4 4 4
C 336 272 8 8
T 0 0 8 8
C 344 272 8 8
T 0 0 8 8
C 336 280 8 8
T 0 0 4 4
T 4 0 4 4
T 0 4 4 4
T 4 4 4 4
C 344 280 8 8
T 0 0 4 4
T 4 0 4 4
T 0 4 4 4
T 4 4 4 4
