
HM software: Encoder Version [16.7] (including RExt)[Linux][GCC 4.1.2][32 bit] 


Input          File                    : input.y
Bitstream      File                    : str.bin
Reconstruction File                    : rec.yuv
Real     Format                        : 352x288 1Hz
Internal Format                        : 352x288 1Hz
Sequence PSNR output                   : Linear average only
Sequence MSE output                    : Disabled
Frame MSE output                       : Disabled
Cabac-zero-word-padding                : Enabled
Frame/Field                            : Frame based coding
Frame index                            : 0 - 0 (1 frames)
Profile                                : main-RExt (monochrome16)
CU size / depth / total-depth          : 64 / 4 / 4
RQT trans. size (min / max)            : 4 / 32
Max RQT depth inter                    : 3
Max RQT depth intra                    : 3
Min PCM size                           : 8
Motion search range                    : 64
Intra period                           : 1
Decoding refresh type                  : 0
QP                                     : 32.00
Max dQP signaling depth                : 0
Cb QP Offset                           : 0
Cr QP Offset                           : 0
QP adaptation                          : 0 (range=0)
GOP size                               : 1
Input bit depth                        : (Y:8, C:8)
MSB-extended bit depth                 : (Y:8, C:8)
Internal bit depth                     : (Y:8, C:8)
PCM sample bit depth                   : (Y:8, C:8)
Intra reference smoothing              : Enabled
diff_cu_chroma_qp_offset_depth         : -1
extended_precision_processing_flag     : Disabled
implicit_rdpcm_enabled_flag            : Enabled
explicit_rdpcm_enabled_flag            : Enabled
transform_skip_rotation_enabled_flag   : Enabled
transform_skip_context_enabled_flag    : Enabled
cross_component_prediction_enabled_flag: Disabled
high_precision_offsets_enabled_flag    : Enabled
persistent_rice_adaptation_enabled_flag: Enabled
cabac_bypass_alignment_enabled_flag    : Disabled
Cost function:                         : Lossy coding (default)
RateControl                            : 0
WPMethod                               : 0
Max Num Merge Candidates               : 5

TOOL CFG: IBD:0 HAD:1 RDQ:1 RDQTS:1 RDpenalty:0 SQP:0 ASR:0 MinSearchWindow:8 RestrictMESampling:0 FEN:1 ECU:0 FDM:1 CFM:0 ESD:0 RQT:1 TransformSkip:1 TransformSkipFast:1 TransformSkipLog2MaxSize:2 Slice: M=0 SliceSegment: M=0 CIP:0 SAO:0 PCM:0 TransQuantBypassEnabled:0 WPP:0 WPB:0 PME:2  WaveFrontSynchro:0 WaveFrontSubstreams:1 ScalingList:0 TMVPMode:1 AQpS:0 SignBitHidingFlag:1 RecalQP:0

******************************************************************
** WARNING: --SEIDecodedPictureHash is now disabled by default. **
**          Automatic verification of decoded pictures by a     **
**          decoder requires this option to be enabled.         **
******************************************************************
***************************************************************************
** WARNING: For conforming bitstreams a valid Level value must be set!   **
***************************************************************************
****************************************************************************
** WARNING: Cross-component prediction is specified for 4:4:4 format only **
****************************************************************************
Non-environment-variable-controlled macros set as follows: 

                                RExt__DECODER_DEBUG_BIT_STATISTICS =   0
                                      RExt__HIGH_BIT_DEPTH_SUPPORT =   0
                            RExt__HIGH_PRECISION_FORWARD_TRANSFORM =   0
                                        O0043_BEST_EFFORT_DECODING =   0
                                         ME_ENABLE_ROUNDING_OF_MVS =   1
        U0040_MODIFIED_WEIGHTEDPREDICTION_WITH_BIPRED_AND_CLIPPING =   1

                   Input ChromaFormatIDC =   4:2:0
       Output (internal) ChromaFormatIDC =   4:0:0

POC    0 TId: 0 ( I-SLICE, nQP 32 QP 32 )      25248 bits [Y 35.7767 dB    U 0.0000 dB    V 0.0000 dB] [ET     1 ] [L0 ] [L1 ]


SUMMARY --------------------------------------------------------
	Total Frames |   Bitrate     Y-PSNR
	        1    a      25.2480   35.7767


I Slices--------------------------------------------------------
	Total Frames |   Bitrate     Y-PSNR
	        1    i      25.2480   35.7767


P Slices--------------------------------------------------------
	Total Frames |   Bitrate     Y-PSNR
	        0    p         -nan      -nan


B Slices--------------------------------------------------------
	Total Frames |   Bitrate     Y-PSNR
	        0    b         -nan      -nan

RVM: 0.000
Bytes written to file: 3171 (25.368 kbps)

 Total Time:        0.980 sec.

HM software: Decoder Version [16.7] (including RExt)[Linux][GCC 4.1.2][32 bit] 
POC    0 TId: 0 ( I-SLICE, QP 32 ) [DT  0.020] [L0 ] [L1 ] [:,(unk)] 

 Total Time:        0.020 sec.
   0   14862
   1   25585
   2   18469
   3   13275
   4    9176
   5    5949
   6    4138
   7    2676
   8    2037
   9    1362
  10     971
  11     718
  12     536
  13     372
  14     290
  15     225
  16     181
  17     129
  18      90
  19      84
  20      70
  21      43
  22      42
  23      21
  24      17
  25      16
  26      14
  27       6
  28       6
  29       3
  30       6
  31       3
  32       0
  33       0
  34       0
  35       0
  36       1
  37       0
  38       2
  39       0
  40       1
PSNR = 35.78 (dB)
# of classes = 3
Thresholds = {1.5}
Gain factor = 0.125000
...Killed by signal 2.
******************************************************************
** WARNING: --SEIDecodedPictureHash is now disabled by default. **
**          Automatic verification of decoded pictures by a     **
**          decoder requires this option to be enabled.         **
******************************************************************
***************************************************************************
** WARNING: For conforming bitstreams a valid Level value must be set!   **
***************************************************************************
****************************************************************************
** WARNING: Cross-component prediction is specified for 4:4:4 format only **
****************************************************************************

HM software: Encoder Version [16.7] (including RExt)[Linux][GCC 4.1.2][32 bit] 


Input          File                    : input.y
Bitstream      File                    : str.bin
Reconstruction File                    : rec.yuv
Real     Format                        : 352x288 1Hz
Internal Format                        : 352x288 1Hz
Sequence PSNR output                   : Linear average only
Sequence MSE output                    : Disabled
Frame MSE output                       : Disabled
Cabac-zero-word-padding                : Enabled
Frame/Field                            : Frame based coding
Frame index                            : 0 - 0 (1 frames)
Profile                                : main-RExt (monochrome16)
CU size / depth / total-depth          : 64 / 4 / 4
RQT trans. size (min / max)            : 4 / 32
Max RQT depth inter                    : 3
Max RQT depth intra                    : 3
Min PCM size                           : 8
Motion search range                    : 64
Intra period                           : 1
Decoding refresh type                  : 0
QP                                     : 32.00
Max dQP signaling depth                : 0
Cb QP Offset                           : 0
Cr QP Offset                           : 0
QP adaptation                          : 0 (range=0)
GOP size                               : 1
Input bit depth                        : (Y:8, C:8)
MSB-extended bit depth                 : (Y:8, C:8)
Internal bit depth                     : (Y:8, C:8)
PCM sample bit depth                   : (Y:8, C:8)
Intra reference smoothing              : Enabled
diff_cu_chroma_qp_offset_depth         : -1
extended_precision_processing_flag     : Disabled
implicit_rdpcm_enabled_flag            : Enabled
explicit_rdpcm_enabled_flag            : Enabled
transform_skip_rotation_enabled_flag   : Enabled
transform_skip_context_enabled_flag    : Enabled
cross_component_prediction_enabled_flag: Disabled
high_precision_offsets_enabled_flag    : Enabled
persistent_rice_adaptation_enabled_flag: Enabled
cabac_bypass_alignment_enabled_flag    : Disabled
Cost function:                         : Lossy coding (default)
RateControl                            : 0
WPMethod                               : 0
Max Num Merge Candidates               : 5

TOOL CFG: IBD:0 HAD:1 RDQ:1 RDQTS:1 RDpenalty:0 SQP:0 ASR:0 MinSearchWindow:8 RestrictMESampling:0 FEN:1 ECU:0 FDM:1 CFM:0 ESD:0 RQT:1 TransformSkip:1 TransformSkipFast:1 TransformSkipLog2MaxSize:2 Slice: M=0 SliceSegment: M=0 CIP:0 SAO:0 PCM:0 TransQuantBypassEnabled:0 WPP:0 WPB:0 PME:2  WaveFrontSynchro:0 WaveFrontSubstreams:1 ScalingList:0 TMVPMode:1 AQpS:0 SignBitHidingFlag:1 RecalQP:0

Non-environment-variable-controlled macros set as follows: 

                                RExt__DECODER_DEBUG_BIT_STATISTICS =   0
                                      RExt__HIGH_BIT_DEPTH_SUPPORT =   0
                            RExt__HIGH_PRECISION_FORWARD_TRANSFORM =   0
                                        O0043_BEST_EFFORT_DECODING =   0
                                         ME_ENABLE_ROUNDING_OF_MVS =   1
        U0040_MODIFIED_WEIGHTEDPREDICTION_WITH_BIPRED_AND_CLIPPING =   1

                   Input ChromaFormatIDC =   4:2:0
       Output (internal) ChromaFormatIDC =   4:0:0

POC    0 TId: 0 ( I-SLICE, nQP 32 QP 32 )      25248 bits [Y 35.7767 dB    U 0.0000 dB    V 0.0000 dB] [ET     1 ] [L0 ] [L1 ]


SUMMARY --------------------------------------------------------
	Total Frames |   Bitrate     Y-PSNR
	        1    a      25.2480   35.7767


I Slices--------------------------------------------------------
	Total Frames |   Bitrate     Y-PSNR
	        1    i      25.2480   35.7767


P Slices--------------------------------------------------------
	Total Frames |   Bitrate     Y-PSNR
	        0    p         -nan      -nan


B Slices--------------------------------------------------------
	Total Frames |   Bitrate     Y-PSNR
	        0    b         -nan      -nan

RVM: 0.000
Bytes written to file: 3171 (25.368 kbps)

 Total Time:        0.980 sec.

HM software: Decoder Version [16.7] (including RExt)[Linux][GCC 4.1.2][32 bit] 
POC    0 TId: 0 ( I-SLICE, QP 32 ) [DT  0.020] [L0 ] [L1 ] [:,(unk)] 

 Total Time:        0.020 sec.
   0   14862
   1   25585
   2   18469
   3   13275
   4    9176
   5    5949
   6    4138
   7    2676
   8    2037
   9    1362
  10     971
  11     718
  12     536
  13     372
  14     290
  15     225
  16     181
  17     129
  18      90
  19      84
  20      70
  21      43
  22      42
  23      21
  24      17
  25      16
  26      14
  27       6
  28       6
  29       3
  30       6
  31       3
  32       0
  33       0
  34       0
  35       0
  36       1
  37       0
  38       2
  39       0
  40       1
PSNR = 35.78 (dB)
# of classes = 3
Thresholds = {1.5}
Gain factor = 0.125000
...............................................................................................................................................................................................................................................................................................Accuracy = 47.37 (%)
Offset[0] = -1.17 (19011)
Offset[1] = 0.09 (62759)
Offset[2] = 1.05 (19606)
.
PSNR = 35.896 (dB)
GAIN = +0.119 (dB)
SIDE_INFO = 7 (bits)
cpu time: 535.32 sec.

HM software: Encoder Version [16.7] (including RExt)[Linux][GCC 4.1.2][32 bit] 


Input          File                    : input.y
Bitstream      File                    : str.bin
Reconstruction File                    : rec.yuv
Real     Format                        : 352x288 1Hz
Internal Format                        : 352x288 1Hz
Sequence PSNR output                   : Linear average only
Sequence MSE output                    : Disabled
Frame MSE output                       : Disabled
Cabac-zero-word-padding                : Enabled
Frame/Field                            : Frame based coding
Frame index                            : 0 - 0 (1 frames)
Profile                                : main-RExt (monochrome16)
CU size / depth / total-depth          : 64 / 4 / 4
RQT trans. size (min / max)            : 4 / 32
Max RQT depth inter                    : 3
Max RQT depth intra                    : 3
Min PCM size                           : 8
Motion search range                    : 64
Intra period                           : 1
Decoding refresh type                  : 0
QP                                     : 27.00
Max dQP signaling depth                : 0
Cb QP Offset                           : 0
Cr QP Offset                           : 0
QP adaptation                          : 0 (range=0)
GOP size                               : 1
Input bit depth                        : (Y:8, C:8)
MSB-extended bit depth                 : (Y:8, C:8)
Internal bit depth                     : (Y:8, C:8)
PCM sample bit depth                   : (Y:8, C:8)
Intra reference smoothing              : Enabled
diff_cu_chroma_qp_offset_depth         : -1
extended_precision_processing_flag     : Disabled
implicit_rdpcm_enabled_flag            : Enabled
explicit_rdpcm_enabled_flag            : Enabled
transform_skip_rotation_enabled_flag   : Enabled
transform_skip_context_enabled_flag    : Enabled
cross_component_prediction_enabled_flag: Disabled
high_precision_offsets_enabled_flag    : Enabled
persistent_rice_adaptation_enabled_flag: Enabled
cabac_bypass_alignment_enabled_flag    : Disabled
Cost function:                         : Lossy coding (default)
RateControl                            : 0
WPMethod                               : 0
Max Num Merge Candidates               : 5

TOOL CFG: IBD:0 HAD:1 RDQ:1 RDQTS:1 RDpenalty:0 SQP:0 ASR:0 MinSearchWindow:8 RestrictMESampling:0 FEN:1 ECU:0 FDM:1 CFM:0 ESD:0 RQT:1 TransformSkip:1 TransformSkipFast:1 TransformSkipLog2MaxSize:2 Slice: M=0 SliceSegment: M=0 CIP:0 SAO:0 PCM:0 TransQuantBypassEnabled:0 WPP:0 WPB:0 PME:2  WaveFrontSynchro:0 WaveFrontSubstreams:1 ScalingList:0 TMVPMode:1 AQpS:0 SignBitHidingFlag:1 RecalQP:0

******************************************************************
** WARNING: --SEIDecodedPictureHash is now disabled by default. **
**          Automatic verification of decoded pictures by a     **
**          decoder requires this option to be enabled.         **
******************************************************************
***************************************************************************
** WARNING: For conforming bitstreams a valid Level value must be set!   **
***************************************************************************
****************************************************************************
** WARNING: Cross-component prediction is specified for 4:4:4 format only **
****************************************************************************
Non-environment-variable-controlled macros set as follows: 

                                RExt__DECODER_DEBUG_BIT_STATISTICS =   0
                                      RExt__HIGH_BIT_DEPTH_SUPPORT =   0
                            RExt__HIGH_PRECISION_FORWARD_TRANSFORM =   0
                                        O0043_BEST_EFFORT_DECODING =   0
                                         ME_ENABLE_ROUNDING_OF_MVS =   1
        U0040_MODIFIED_WEIGHTEDPREDICTION_WITH_BIPRED_AND_CLIPPING =   1

                   Input ChromaFormatIDC =   4:2:0
       Output (internal) ChromaFormatIDC =   4:0:0

POC    0 TId: 0 ( I-SLICE, nQP 27 QP 27 )      47424 bits [Y 38.9722 dB    U 0.0000 dB    V 0.0000 dB] [ET     1 ] [L0 ] [L1 ]


SUMMARY --------------------------------------------------------
	Total Frames |   Bitrate     Y-PSNR
	        1    a      47.4240   38.9722


I Slices--------------------------------------------------------
	Total Frames |   Bitrate     Y-PSNR
	        1    i      47.4240   38.9722


P Slices--------------------------------------------------------
	Total Frames |   Bitrate     Y-PSNR
	        0    p         -nan      -nan


B Slices--------------------------------------------------------
	Total Frames |   Bitrate     Y-PSNR
	        0    b         -nan      -nan

RVM: 0.000
Bytes written to file: 5943 (47.544 kbps)

 Total Time:        1.160 sec.

HM software: Decoder Version [16.7] (including RExt)[Linux][GCC 4.1.2][32 bit] 
POC    0 TId: 0 ( I-SLICE, QP 27 ) [DT  0.020] [L0 ] [L1 ] [:,(unk)] 

 Total Time:        0.020 sec.
   0   18557
   1   30527
   2   20432
   3   12979
   4    7852
   5    4656
   6    2740
   7    1569
   8     877
   9     508
  10     277
  11     193
  12      86
  13      52
  14      22
  15      18
  16       8
  17       4
  18       7
  19       3
  20       4
  21       2
  22       0
  23       2
  24       0
  25       1
  26       0
  27       0
  28       0
  29       0
  30       0
  31       0
  32       0
  33       0
  34       0
  35       0
  36       0
  37       0
  38       0
  39       0
  40       0
PSNR = 38.97 (dB)
# of classes = 3
Thresholds = {1.5}
Gain factor = 0.125000
...............................................................................................................................................................................................................................................................................................Accuracy = 49.73 (%)
Offset[0] = -0.75 (20637)
Offset[1] = 0.06 (59264)
Offset[2] = 0.61 (21475)
.
PSNR = 39.053 (dB)
GAIN = +0.081 (dB)
SIDE_INFO = 7 (bits)
cpu time: 542.17 sec.

HM software: Encoder Version [16.7] (including RExt)[Linux][GCC 4.1.2][32 bit] 


Input          File                    : input.y
Bitstream      File                    : str.bin
Reconstruction File                    : rec.yuv
Real     Format                        : 352x288 1Hz
Internal Format                        : 352x288 1Hz
Sequence PSNR output                   : Linear average only
Sequence MSE output                    : Disabled
Frame MSE output                       : Disabled
Cabac-zero-word-padding                : Enabled
Frame/Field                            : Frame based coding
Frame index                            : 0 - 0 (1 frames)
Profile                                : main-RExt (monochrome16)
CU size / depth / total-depth          : 64 / 4 / 4
RQT trans. size (min / max)            : 4 / 32
Max RQT depth inter                    : 3
Max RQT depth intra                    : 3
Min PCM size                           : 8
Motion search range                    : 64
Intra period                           : 1
Decoding refresh type                  : 0
QP                                     : 37.00
Max dQP signaling depth                : 0
Cb QP Offset                           : 0
Cr QP Offset                           : 0
QP adaptation                          : 0 (range=0)
GOP size                               : 1
Input bit depth                        : (Y:8, C:8)
MSB-extended bit depth                 : (Y:8, C:8)
Internal bit depth                     : (Y:8, C:8)
PCM sample bit depth                   : (Y:8, C:8)
Intra reference smoothing              : Enabled
diff_cu_chroma_qp_offset_depth         : -1
extended_precision_processing_flag     : Disabled
implicit_rdpcm_enabled_flag            : Enabled
explicit_rdpcm_enabled_flag            : Enabled
transform_skip_rotation_enabled_flag   : Enabled
transform_skip_context_enabled_flag    : Enabled
cross_component_prediction_enabled_flag: Disabled
high_precision_offsets_enabled_flag    : Enabled
persistent_rice_adaptation_enabled_flag: Enabled
cabac_bypass_alignment_enabled_flag    : Disabled
Cost function:                         : Lossy coding (default)
RateControl                            : 0
WPMethod                               : 0
Max Num Merge Candidates               : 5

TOOL CFG: IBD:0 HAD:1 RDQ:1 RDQTS:1 RDpenalty:0 SQP:0 ASR:0 MinSearchWindow:8 RestrictMESampling:0 FEN:1 ECU:0 FDM:1 CFM:0 ESD:0 RQT:1 TransformSkip:1 TransformSkipFast:1 TransformSkipLog2MaxSize:2 Slice: M=0 SliceSegment: M=0 CIP:0 SAO:0 PCM:0 TransQuantBypassEnabled:0 WPP:0 WPB:0 PME:2  WaveFrontSynchro:0 WaveFrontSubstreams:1 ScalingList:0 TMVPMode:1 AQpS:0 SignBitHidingFlag:1 RecalQP:0

******************************************************************
** WARNING: --SEIDecodedPictureHash is now disabled by default. **
**          Automatic verification of decoded pictures by a     **
**          decoder requires this option to be enabled.         **
******************************************************************
***************************************************************************
** WARNING: For conforming bitstreams a valid Level value must be set!   **
***************************************************************************
****************************************************************************
** WARNING: Cross-component prediction is specified for 4:4:4 format only **
****************************************************************************
Non-environment-variable-controlled macros set as follows: 

                                RExt__DECODER_DEBUG_BIT_STATISTICS =   0
                                      RExt__HIGH_BIT_DEPTH_SUPPORT =   0
                            RExt__HIGH_PRECISION_FORWARD_TRANSFORM =   0
                                        O0043_BEST_EFFORT_DECODING =   0
                                         ME_ENABLE_ROUNDING_OF_MVS =   1
        U0040_MODIFIED_WEIGHTEDPREDICTION_WITH_BIPRED_AND_CLIPPING =   1

                   Input ChromaFormatIDC =   4:2:0
       Output (internal) ChromaFormatIDC =   4:0:0

POC    0 TId: 0 ( I-SLICE, nQP 37 QP 37 )      13560 bits [Y 32.9224 dB    U 0.0000 dB    V 0.0000 dB] [ET     1 ] [L0 ] [L1 ]


SUMMARY --------------------------------------------------------
	Total Frames |   Bitrate     Y-PSNR
	        1    a      13.5600   32.9224


I Slices--------------------------------------------------------
	Total Frames |   Bitrate     Y-PSNR
	        1    i      13.5600   32.9224


P Slices--------------------------------------------------------
	Total Frames |   Bitrate     Y-PSNR
	        0    p         -nan      -nan


B Slices--------------------------------------------------------
	Total Frames |   Bitrate     Y-PSNR
	        0    b         -nan      -nan

RVM: 0.000
Bytes written to file: 1710 (13.680 kbps)

 Total Time:        0.920 sec.

HM software: Decoder Version [16.7] (including RExt)[Linux][GCC 4.1.2][32 bit] 
POC    0 TId: 0 ( I-SLICE, QP 37 ) [DT  0.010] [L0 ] [L1 ] [:,(unk)] 

 Total Time:        0.010 sec.
   0   11887
   1   20773
   2   16789
   3   13008
   4    9697
   5    6964
   6    5065
   7    3720
   8    2833
   9    2121
  10    1671
  11    1304
  12     986
  13     811
  14     667
  15     497
  16     427
  17     353
  18     313
  19     231
  20     202
  21     160
  22     134
  23     112
  24      99
  25      91
  26      71
  27      62
  28      60
  29      36
  30      43
  31      30
  32      31
  33      17
  34      17
  35      13
  36       5
  37      12
  38      10
  39       6
  40      48
PSNR = 32.92 (dB)
# of classes = 3
Thresholds = {2.5}
Gain factor = 0.125000
...............................................................................................................................................................................................................................................................................................Accuracy = 53.22 (%)
Offset[0] = -1.75 (18071)
Offset[1] = 0.14 (64435)
Offset[2] = 1.61 (18870)
.
PSNR = 33.055 (dB)
GAIN = +0.132 (dB)
SIDE_INFO = 9 (bits)
cpu time: 530.87 sec.
